This is pdfTeX, Version 3.14159265-2.6-1.40.16 (TeX Live 2015/Debian) (preloaded format=pdflatex 2016.1.14)  23 FEB 2016 23:13
entering extended mode
 restricted \write18 enabled.
 %&-line parsing enabled.
**bibliography.tex
(./bibliography.tex
LaTeX2e <2015/01/01>
Babel <3.9l> and hyphenation patterns for 79 languages loaded.

! LaTeX Error: \bibname undefined.

See the LaTeX manual or LaTeX Companion for explanation.
Type  H <return>  for immediate help.
 ...                                              
                                                  
l.7 \renewcommand{\bibname}
                           {References}
Try typing  <return>  to proceed.
If that doesn't work, type  X <return>  to quit.

\bibdata{bibliography}
No file bibliography.bbl.
)
! Emergency stop.
<*> bibliography.tex
                    
*** (job aborted, no legal \end found)

 
Here is how much of TeX's memory you used:
 6 strings out of 493085
 153 string characters out of 6136917
 52749 words of memory out of 5000000
 3591 multiletter control sequences out of 15000+600000
 3640 words of font info for 14 fonts, out of 8000000 for 9000
 1141 hyphenation exceptions out of 8191
 7i,0n,5p,95b,14s stack positions out of 5000i,500n,10000p,200000b,80000s
!  ==> Fatal error occurred, no output PDF file produced!
