This is pdfTeX, Version 3.1415926-2.5-1.40.14 (TeX Live 2013/Debian) (format=pdflatex 2016.2.3)  29 APR 2016 14:39
entering extended mode
 \write18 enabled.
 %&-line parsing enabled.
**main.tex
(./main.tex
LaTeX2e <2011/06/27>
Babel <3.9h> and hyphenation patterns for 78 languages loaded.
(./mitthesis.cls
Document Class: mitthesis 1999/10/20
\vithesis=\count79
Uppercase cover page.
(/usr/share/texlive/texmf-dist/tex/latex/base/report.cls
Document Class: report 2007/10/19 v1.4h Standard LaTeX document class
(/usr/share/texlive/texmf-dist/tex/latex/base/size12.clo
File: size12.clo 2007/10/19 v1.4h Standard LaTeX file (size option)
)
\c@part=\count80
\c@chapter=\count81
\c@section=\count82
\c@subsection=\count83
\c@subsubsection=\count84
\c@paragraph=\count85
\c@subparagraph=\count86
\c@figure=\count87
\c@table=\count88
\abovecaptionskip=\skip41
\belowcaptionskip=\skip42
\bibindent=\dimen102
) (/usr/share/texlive/texmf-dist/tex/latex/setspace/setspace.sty
Package: setspace 2011/12/19 v6.7a set line spacing
)
Thesis document copyright MIT unless otherwise (manually) specified
\@titlesupervisor=\box26
\@abstractsupervisor=\box27
\@titlereader=\box28
\@abstractreader=\box29
\c@savepage=\count89
) (/usr/share/texlive/texmf-dist/tex/latex/base/inputenc.sty
Package: inputenc 2008/03/30 v1.1d Input encoding file
\inpenc@prehook=\toks14
\inpenc@posthook=\toks15
(/usr/share/texlive/texmf-dist/tex/latex/base/utf8.def
File: utf8.def 2008/04/05 v1.1m UTF-8 support for inputenc
Now handling font encoding OML ...
... no UTF-8 mapping file for font encoding OML
Now handling font encoding T1 ...
... processing UTF-8 mapping file for font encoding T1
(/usr/share/texlive/texmf-dist/tex/latex/base/t1enc.dfu
File: t1enc.dfu 2008/04/05 v1.1m UTF-8 support for inputenc
   defining Unicode char U+00A1 (decimal 161)
   defining Unicode char U+00A3 (decimal 163)
   defining Unicode char U+00AB (decimal 171)
   defining Unicode char U+00BB (decimal 187)
   defining Unicode char U+00BF (decimal 191)
   defining Unicode char U+00C0 (decimal 192)
   defining Unicode char U+00C1 (decimal 193)
   defining Unicode char U+00C2 (decimal 194)
   defining Unicode char U+00C3 (decimal 195)
   defining Unicode char U+00C4 (decimal 196)
   defining Unicode char U+00C5 (decimal 197)
   defining Unicode char U+00C6 (decimal 198)
   defining Unicode char U+00C7 (decimal 199)
   defining Unicode char U+00C8 (decimal 200)
   defining Unicode char U+00C9 (decimal 201)
   defining Unicode char U+00CA (decimal 202)
   defining Unicode char U+00CB (decimal 203)
   defining Unicode char U+00CC (decimal 204)
   defining Unicode char U+00CD (decimal 205)
   defining Unicode char U+00CE (decimal 206)
   defining Unicode char U+00CF (decimal 207)
   defining Unicode char U+00D0 (decimal 208)
   defining Unicode char U+00D1 (decimal 209)
   defining Unicode char U+00D2 (decimal 210)
   defining Unicode char U+00D3 (decimal 211)
   defining Unicode char U+00D4 (decimal 212)
   defining Unicode char U+00D5 (decimal 213)
   defining Unicode char U+00D6 (decimal 214)
   defining Unicode char U+00D8 (decimal 216)
   defining Unicode char U+00D9 (decimal 217)
   defining Unicode char U+00DA (decimal 218)
   defining Unicode char U+00DB (decimal 219)
   defining Unicode char U+00DC (decimal 220)
   defining Unicode char U+00DD (decimal 221)
   defining Unicode char U+00DE (decimal 222)
   defining Unicode char U+00DF (decimal 223)
   defining Unicode char U+00E0 (decimal 224)
   defining Unicode char U+00E1 (decimal 225)
   defining Unicode char U+00E2 (decimal 226)
   defining Unicode char U+00E3 (decimal 227)
   defining Unicode char U+00E4 (decimal 228)
   defining Unicode char U+00E5 (decimal 229)
   defining Unicode char U+00E6 (decimal 230)
   defining Unicode char U+00E7 (decimal 231)
   defining Unicode char U+00E8 (decimal 232)
   defining Unicode char U+00E9 (decimal 233)
   defining Unicode char U+00EA (decimal 234)
   defining Unicode char U+00EB (decimal 235)
   defining Unicode char U+00EC (decimal 236)
   defining Unicode char U+00ED (decimal 237)
   defining Unicode char U+00EE (decimal 238)
   defining Unicode char U+00EF (decimal 239)
   defining Unicode char U+00F0 (decimal 240)
   defining Unicode char U+00F1 (decimal 241)
   defining Unicode char U+00F2 (decimal 242)
   defining Unicode char U+00F3 (decimal 243)
   defining Unicode char U+00F4 (decimal 244)
   defining Unicode char U+00F5 (decimal 245)
   defining Unicode char U+00F6 (decimal 246)
   defining Unicode char U+00F8 (decimal 248)
   defining Unicode char U+00F9 (decimal 249)
   defining Unicode char U+00FA (decimal 250)
   defining Unicode char U+00FB (decimal 251)
   defining Unicode char U+00FC (decimal 252)
   defining Unicode char U+00FD (decimal 253)
   defining Unicode char U+00FE (decimal 254)
   defining Unicode char U+00FF (decimal 255)
   defining Unicode char U+0102 (decimal 258)
   defining Unicode char U+0103 (decimal 259)
   defining Unicode char U+0104 (decimal 260)
   defining Unicode char U+0105 (decimal 261)
   defining Unicode char U+0106 (decimal 262)
   defining Unicode char U+0107 (decimal 263)
   defining Unicode char U+010C (decimal 268)
   defining Unicode char U+010D (decimal 269)
   defining Unicode char U+010E (decimal 270)
   defining Unicode char U+010F (decimal 271)
   defining Unicode char U+0110 (decimal 272)
   defining Unicode char U+0111 (decimal 273)
   defining Unicode char U+0118 (decimal 280)
   defining Unicode char U+0119 (decimal 281)
   defining Unicode char U+011A (decimal 282)
   defining Unicode char U+011B (decimal 283)
   defining Unicode char U+011E (decimal 286)
   defining Unicode char U+011F (decimal 287)
   defining Unicode char U+0130 (decimal 304)
   defining Unicode char U+0131 (decimal 305)
   defining Unicode char U+0132 (decimal 306)
   defining Unicode char U+0133 (decimal 307)
   defining Unicode char U+0139 (decimal 313)
   defining Unicode char U+013A (decimal 314)
   defining Unicode char U+013D (decimal 317)
   defining Unicode char U+013E (decimal 318)
   defining Unicode char U+0141 (decimal 321)
   defining Unicode char U+0142 (decimal 322)
   defining Unicode char U+0143 (decimal 323)
   defining Unicode char U+0144 (decimal 324)
   defining Unicode char U+0147 (decimal 327)
   defining Unicode char U+0148 (decimal 328)
   defining Unicode char U+014A (decimal 330)
   defining Unicode char U+014B (decimal 331)
   defining Unicode char U+0150 (decimal 336)
   defining Unicode char U+0151 (decimal 337)
   defining Unicode char U+0152 (decimal 338)
   defining Unicode char U+0153 (decimal 339)
   defining Unicode char U+0154 (decimal 340)
   defining Unicode char U+0155 (decimal 341)
   defining Unicode char U+0158 (decimal 344)
   defining Unicode char U+0159 (decimal 345)
   defining Unicode char U+015A (decimal 346)
   defining Unicode char U+015B (decimal 347)
   defining Unicode char U+015E (decimal 350)
   defining Unicode char U+015F (decimal 351)
   defining Unicode char U+0160 (decimal 352)
   defining Unicode char U+0161 (decimal 353)
   defining Unicode char U+0162 (decimal 354)
   defining Unicode char U+0163 (decimal 355)
   defining Unicode char U+0164 (decimal 356)
   defining Unicode char U+0165 (decimal 357)
   defining Unicode char U+016E (decimal 366)
   defining Unicode char U+016F (decimal 367)
   defining Unicode char U+0170 (decimal 368)
   defining Unicode char U+0171 (decimal 369)
   defining Unicode char U+0178 (decimal 376)
   defining Unicode char U+0179 (decimal 377)
   defining Unicode char U+017A (decimal 378)
   defining Unicode char U+017B (decimal 379)
   defining Unicode char U+017C (decimal 380)
   defining Unicode char U+017D (decimal 381)
   defining Unicode char U+017E (decimal 382)
   defining Unicode char U+200C (decimal 8204)
   defining Unicode char U+2013 (decimal 8211)
   defining Unicode char U+2014 (decimal 8212)
   defining Unicode char U+2018 (decimal 8216)
   defining Unicode char U+2019 (decimal 8217)
   defining Unicode char U+201A (decimal 8218)
   defining Unicode char U+201C (decimal 8220)
   defining Unicode char U+201D (decimal 8221)
   defining Unicode char U+201E (decimal 8222)
   defining Unicode char U+2030 (decimal 8240)
   defining Unicode char U+2031 (decimal 8241)
   defining Unicode char U+2039 (decimal 8249)
   defining Unicode char U+203A (decimal 8250)
   defining Unicode char U+2423 (decimal 9251)
)
Now handling font encoding OT1 ...
... processing UTF-8 mapping file for font encoding OT1
(/usr/share/texlive/texmf-dist/tex/latex/base/ot1enc.dfu
File: ot1enc.dfu 2008/04/05 v1.1m UTF-8 support for inputenc
   defining Unicode char U+00A1 (decimal 161)
   defining Unicode char U+00A3 (decimal 163)
   defining Unicode char U+00B8 (decimal 184)
   defining Unicode char U+00BF (decimal 191)
   defining Unicode char U+00C5 (decimal 197)
   defining Unicode char U+00C6 (decimal 198)
   defining Unicode char U+00D8 (decimal 216)
   defining Unicode char U+00DF (decimal 223)
   defining Unicode char U+00E6 (decimal 230)
   defining Unicode char U+00EC (decimal 236)
   defining Unicode char U+00ED (decimal 237)
   defining Unicode char U+00EE (decimal 238)
   defining Unicode char U+00EF (decimal 239)
   defining Unicode char U+00F8 (decimal 248)
   defining Unicode char U+0131 (decimal 305)
   defining Unicode char U+0141 (decimal 321)
   defining Unicode char U+0142 (decimal 322)
   defining Unicode char U+0152 (decimal 338)
   defining Unicode char U+0153 (decimal 339)
   defining Unicode char U+2013 (decimal 8211)
   defining Unicode char U+2014 (decimal 8212)
   defining Unicode char U+2018 (decimal 8216)
   defining Unicode char U+2019 (decimal 8217)
   defining Unicode char U+201C (decimal 8220)
   defining Unicode char U+201D (decimal 8221)
)
Now handling font encoding OMS ...
... processing UTF-8 mapping file for font encoding OMS
(/usr/share/texlive/texmf-dist/tex/latex/base/omsenc.dfu
File: omsenc.dfu 2008/04/05 v1.1m UTF-8 support for inputenc
   defining Unicode char U+00A7 (decimal 167)
   defining Unicode char U+00B6 (decimal 182)
   defining Unicode char U+00B7 (decimal 183)
   defining Unicode char U+2020 (decimal 8224)
   defining Unicode char U+2021 (decimal 8225)
   defining Unicode char U+2022 (decimal 8226)
)
Now handling font encoding OMX ...
... no UTF-8 mapping file for font encoding OMX
Now handling font encoding U ...
... no UTF-8 mapping file for font encoding U
   defining Unicode char U+00A9 (decimal 169)
   defining Unicode char U+00AA (decimal 170)
   defining Unicode char U+00AE (decimal 174)
   defining Unicode char U+00BA (decimal 186)
   defining Unicode char U+02C6 (decimal 710)
   defining Unicode char U+02DC (decimal 732)
   defining Unicode char U+200C (decimal 8204)
   defining Unicode char U+2026 (decimal 8230)
   defining Unicode char U+2122 (decimal 8482)
   defining Unicode char U+2423 (decimal 9251)
)) (/usr/share/texlive/texmf-dist/tex/latex/amsmath/amsmath.sty
Package: amsmath 2013/01/14 v2.14 AMS math features
\@mathmargin=\skip43
For additional information on amsmath, use the `?' option.
(/usr/share/texlive/texmf-dist/tex/latex/amsmath/amstext.sty
Package: amstext 2000/06/29 v2.01
(/usr/share/texlive/texmf-dist/tex/latex/amsmath/amsgen.sty
File: amsgen.sty 1999/11/30 v2.0
\@emptytoks=\toks16
\ex@=\dimen103
)) (/usr/share/texlive/texmf-dist/tex/latex/amsmath/amsbsy.sty
Package: amsbsy 1999/11/29 v1.2d
\pmbraise@=\dimen104
) (/usr/share/texlive/texmf-dist/tex/latex/amsmath/amsopn.sty
Package: amsopn 1999/12/14 v2.01 operator names
)
\inf@bad=\count90
LaTeX Info: Redefining \frac on input line 210.
\uproot@=\count91
\leftroot@=\count92
LaTeX Info: Redefining \overline on input line 306.
\classnum@=\count93
\DOTSCASE@=\count94
LaTeX Info: Redefining \ldots on input line 378.
LaTeX Info: Redefining \dots on input line 381.
LaTeX Info: Redefining \cdots on input line 466.
\Mathstrutbox@=\box30
\strutbox@=\box31
\big@size=\dimen105
LaTeX Font Info:    Redeclaring font encoding OML on input line 566.
LaTeX Font Info:    Redeclaring font encoding OMS on input line 567.
\macc@depth=\count95
\c@MaxMatrixCols=\count96
\dotsspace@=\muskip10
\c@parentequation=\count97
\dspbrk@lvl=\count98
\tag@help=\toks17
\row@=\count99
\column@=\count100
\maxfields@=\count101
\andhelp@=\toks18
\eqnshift@=\dimen106
\alignsep@=\dimen107
\tagshift@=\dimen108
\tagwidth@=\dimen109
\totwidth@=\dimen110
\lineht@=\dimen111
\@envbody=\toks19
\multlinegap=\skip44
\multlinetaggap=\skip45
\mathdisplay@stack=\toks20
LaTeX Info: Redefining \[ on input line 2665.
LaTeX Info: Redefining \] on input line 2666.
) (/usr/share/texlive/texmf-dist/tex/latex/microtype/microtype.sty
Package: microtype 2013/05/23 v2.5a Micro-typographical refinements (RS)
(/usr/share/texlive/texmf-dist/tex/latex/graphics/keyval.sty
Package: keyval 1999/03/16 v1.13 key=value parser (DPC)
\KV@toks@=\toks21
)
\MT@toks=\toks22
\MT@count=\count102
LaTeX Info: Redefining \textls on input line 766.
\MT@outer@kern=\dimen112
LaTeX Info: Redefining \textmicrotypecontext on input line 1285.
\MT@listname@count=\count103
(/usr/share/texlive/texmf-dist/tex/latex/microtype/microtype-pdftex.def
File: microtype-pdftex.def 2013/05/23 v2.5a Definitions specific to pdftex (RS)

LaTeX Info: Redefining \lsstyle on input line 915.
LaTeX Info: Redefining \lslig on input line 915.
\MT@outer@space=\skip46
)
Package microtype Info: Loading configuration file microtype.cfg.
(/usr/share/texlive/texmf-dist/tex/latex/microtype/microtype.cfg
File: microtype.cfg 2013/05/23 v2.5a microtype main configuration file (RS)
)) (/usr/share/texlive/texmf-dist/tex/latex/graphics/graphicx.sty
Package: graphicx 1999/02/16 v1.0f Enhanced LaTeX Graphics (DPC,SPQR)
(/usr/share/texlive/texmf-dist/tex/latex/graphics/graphics.sty
Package: graphics 2009/02/05 v1.0o Standard LaTeX Graphics (DPC,SPQR)
(/usr/share/texlive/texmf-dist/tex/latex/graphics/trig.sty
Package: trig 1999/03/16 v1.09 sin cos tan (DPC)
) (/usr/share/texlive/texmf-dist/tex/latex/latexconfig/graphics.cfg
File: graphics.cfg 2010/04/23 v1.9 graphics configuration of TeX Live
)
Package graphics Info: Driver file: pdftex.def on input line 91.
(/usr/share/texlive/texmf-dist/tex/latex/pdftex-def/pdftex.def
File: pdftex.def 2011/05/27 v0.06d Graphics/color for pdfTeX
(/usr/share/texlive/texmf-dist/tex/generic/oberdiek/infwarerr.sty
Package: infwarerr 2010/04/08 v1.3 Providing info/warning/error messages (HO)
) (/usr/share/texlive/texmf-dist/tex/generic/oberdiek/ltxcmds.sty
Package: ltxcmds 2011/11/09 v1.22 LaTeX kernel commands for general use (HO)
)
\Gread@gobject=\count104
))
\Gin@req@height=\dimen113
\Gin@req@width=\dimen114
) (/usr/share/texlive/texmf-dist/tex/latex/multirow/multirow.sty
\bigstrutjot=\dimen115
) (/usr/share/texlive/texmf-dist/tex/latex/rotating/rotating.sty
Package: rotating 2009/03/28 v2.16a rotated objects in LaTeX
(/usr/share/texlive/texmf-dist/tex/latex/base/ifthen.sty
Package: ifthen 2001/05/26 v1.1c Standard LaTeX ifthen package (DPC)
)
\c@r@tfl@t=\count105
\rotFPtop=\skip47
\rotFPbot=\skip48
\rot@float@box=\box32
\rot@mess@toks=\toks23
) (/usr/share/texlive/texmf-dist/tex/latex/natbib/natbib.sty
Package: natbib 2010/09/13 8.31b (PWD, AO)
\bibhang=\skip49
\bibsep=\skip50
LaTeX Info: Redefining \cite on input line 694.
\c@NAT@ctr=\count106
) (/usr/share/texlive/texmf-dist/tex/latex/url/url.sty
\Urlmuskip=\muskip11
Package: url 2013/09/16  ver 3.4  Verb mode for urls, etc.
) (/usr/share/texlive/texmf-dist/tex/latex/booktabs/booktabs.sty
Package: booktabs 2005/04/14 v1.61803 publication quality tables
\heavyrulewidth=\dimen116
\lightrulewidth=\dimen117
\cmidrulewidth=\dimen118
\belowrulesep=\dimen119
\belowbottomsep=\dimen120
\aboverulesep=\dimen121
\abovetopsep=\dimen122
\cmidrulesep=\dimen123
\cmidrulekern=\dimen124
\defaultaddspace=\dimen125
\@cmidla=\count107
\@cmidlb=\count108
\@aboverulesep=\dimen126
\@belowrulesep=\dimen127
\@thisruleclass=\count109
\@lastruleclass=\count110
\@thisrulewidth=\dimen128
) (/usr/share/texlive/texmf-dist/tex/latex/tools/tabularx.sty
Package: tabularx 1999/01/07 v2.07 `tabularx' package (DPC)
(/usr/share/texlive/texmf-dist/tex/latex/tools/array.sty
Package: array 2008/09/09 v2.4c Tabular extension package (FMi)
\col@sep=\dimen129
\extrarowheight=\dimen130
\NC@list=\toks24
\extratabsurround=\skip51
\backup@length=\skip52
)
\TX@col@width=\dimen131
\TX@old@table=\dimen132
\TX@old@col=\dimen133
\TX@target=\dimen134
\TX@delta=\dimen135
\TX@cols=\count111
\TX@ftn=\toks25
) (/usr/share/texmf/tex/latex/xcolor/xcolor.sty
Package: xcolor 2007/01/21 v2.11 LaTeX color extensions (UK)
(/usr/share/texlive/texmf-dist/tex/latex/latexconfig/color.cfg
File: color.cfg 2007/01/18 v1.5 color configuration of teTeX/TeXLive
)
Package xcolor Info: Driver file: pdftex.def on input line 225.
Package xcolor Info: Model `cmy' substituted by `cmy0' on input line 1337.
Package xcolor Info: Model `hsb' substituted by `rgb' on input line 1341.
Package xcolor Info: Model `RGB' extended on input line 1353.
Package xcolor Info: Model `HTML' substituted by `rgb' on input line 1355.
Package xcolor Info: Model `Hsb' substituted by `hsb' on input line 1356.
Package xcolor Info: Model `tHsb' substituted by `hsb' on input line 1357.
Package xcolor Info: Model `HSB' substituted by `hsb' on input line 1358.
Package xcolor Info: Model `Gray' substituted by `gray' on input line 1359.
Package xcolor Info: Model `wave' substituted by `hsb' on input line 1360.
(/usr/share/texlive/texmf-dist/tex/latex/graphics/dvipsnam.def
File: dvipsnam.def 1999/02/16 v3.0i Driver-dependant file (DPC,SPQR)
)) (./style.sty (./syntaxHighlight.tex (/usr/share/texlive/texmf-dist/tex/latex
/listings/listings.sty
\lst@mode=\count112
\lst@gtempboxa=\box33
\lst@token=\toks26
\lst@length=\count113
\lst@currlwidth=\dimen136
\lst@column=\count114
\lst@pos=\count115
\lst@lostspace=\dimen137
\lst@width=\dimen138
\lst@newlines=\count116
\lst@lineno=\count117
\lst@maxwidth=\dimen139
(/usr/share/texlive/texmf-dist/tex/latex/listings/lstmisc.sty
File: lstmisc.sty 2013/08/26 1.5b (Carsten Heinz)
\c@lstnumber=\count118
\lst@skipnumbers=\count119
\lst@framebox=\box34
) (/usr/share/texlive/texmf-dist/tex/latex/listings/listings.cfg
File: listings.cfg 2013/08/26 1.5b listings configuration
))
Package: listings 2013/08/26 1.5b (Carsten Heinz)
(/usr/share/texlive/texmf-dist/tex/latex/listings/lstlang1.sty
File: lstlang1.sty 2013/08/26 1.5b listings language file
) (/usr/share/texlive/texmf-dist/tex/latex/listings/lstlang2.sty
File: lstlang2.sty 2013/08/26 1.5b listings language file
) (/usr/share/texlive/texmf-dist/tex/latex/listings/lstmisc.sty
File: lstmisc.sty 2013/08/26 1.5b (Carsten Heinz)
))) (/usr/share/texlive/texmf-dist/tex/latex/pdfpages/pdfpages.sty
Package: pdfpages 2013/08/25 v0.4v Insert pages of external PDF documents (AM)
(/usr/share/texlive/texmf-dist/tex/latex/tools/calc.sty
Package: calc 2007/08/22 v4.3 Infix arithmetic (KKT,FJ)
\calc@Acount=\count120
\calc@Bcount=\count121
\calc@Adimen=\dimen140
\calc@Bdimen=\dimen141
\calc@Askip=\skip53
\calc@Bskip=\skip54
LaTeX Info: Redefining \setlength on input line 76.
LaTeX Info: Redefining \addtolength on input line 77.
\calc@Ccount=\count122
\calc@Cskip=\skip55
) (/usr/share/texlive/texmf-dist/tex/latex/eso-pic/eso-pic.sty
Package: eso-pic 2013/10/06 v2.0d eso-pic (RN)
(/usr/share/texlive/texmf-dist/tex/generic/oberdiek/atbegshi.sty
Package: atbegshi 2011/10/05 v1.16 At begin shipout hook (HO)
(/usr/share/texlive/texmf-dist/tex/generic/oberdiek/ifpdf.sty
Package: ifpdf 2011/01/30 v2.3 Provides the ifpdf switch (HO)
Package ifpdf Info: pdfTeX in PDF mode is detected.
))) (/usr/share/texlive/texmf-dist/tex/latex/pdfpages/pppdftex.def
File: pppdftex.def 2013/08/25 v0.4v Pdfpages driver for pdfTeX (AM)
)
\AM@pagebox=\box35
\AM@toc@title=\toks27
\c@AM@survey=\count123
\AM@templatesizebox=\box36
) (/usr/share/texlive/texmf-dist/tex/latex/fancyhdr/fancyhdr.sty
\fancy@headwidth=\skip56
\f@ncyO@elh=\skip57
\f@ncyO@erh=\skip58
\f@ncyO@olh=\skip59
\f@ncyO@orh=\skip60
\f@ncyO@elf=\skip61
\f@ncyO@erf=\skip62
\f@ncyO@olf=\skip63
\f@ncyO@orf=\skip64
) (./main.aux (./cover.aux) (./acknowledgements.aux) (./contents.aux) (./chapte
r1.aux) (./chapter2.aux) (./chapter3.aux) (./chapter4.aux) (./chapter5.aux) (./
chapter6.aux) (./bibliography.aux) (./appendix1.aux

LaTeX Warning: Label `irb-form' multiply defined.


LaTeX Warning: Label `irb-form' multiply defined.


LaTeX Warning: Label `irb-form' multiply defined.


LaTeX Warning: Label `irb-form' multiply defined.


LaTeX Warning: Label `irb-form' multiply defined.


LaTeX Warning: Label `irb-consent' multiply defined.


LaTeX Warning: Label `webslicer-email' multiply defined.


LaTeX Warning: Label `webslicer-email' multiply defined.


LaTeX Warning: Label `webslicer-email' multiply defined.


LaTeX Warning: Label `webslicer-email' multiply defined.


LaTeX Warning: Label `webslicer-email' multiply defined.


LaTeX Warning: Label `webslicer-email' multiply defined.


LaTeX Warning: Label `webslicer-email' multiply defined.


LaTeX Warning: Label `webslicer-email' multiply defined.


LaTeX Warning: Label `webslicer-email' multiply defined.


LaTeX Warning: Label `webslicer-email' multiply defined.


LaTeX Warning: Label `webslicer-email' multiply defined.

) (./appendix2.aux) (./appendix3.aux))
\openout1 = `main.aux'.

LaTeX Font Info:    Checking defaults for OML/cmm/m/it on input line 29.
LaTeX Font Info:    ... okay on input line 29.
LaTeX Font Info:    Checking defaults for T1/cmr/m/n on input line 29.
LaTeX Font Info:    ... okay on input line 29.
LaTeX Font Info:    Checking defaults for OT1/cmr/m/n on input line 29.
LaTeX Font Info:    ... okay on input line 29.
LaTeX Font Info:    Checking defaults for OMS/cmsy/m/n on input line 29.
LaTeX Font Info:    ... okay on input line 29.
LaTeX Font Info:    Checking defaults for OMX/cmex/m/n on input line 29.
LaTeX Font Info:    ... okay on input line 29.
LaTeX Font Info:    Checking defaults for U/cmr/m/n on input line 29.
LaTeX Font Info:    ... okay on input line 29.
LaTeX Info: Redefining \microtypecontext on input line 29.
Package microtype Info: Generating PDF output.
Package microtype Info: Character protrusion enabled (level 2).
Package microtype Info: Using default protrusion set `alltext'.
Package microtype Info: Automatic font expansion enabled (level 2),
(microtype)             stretch: 20, shrink: 20, step: 1, non-selected.
Package microtype Info: Using default expansion set `basictext'.
Package microtype Info: No adjustment of tracking.
Package microtype Info: No adjustment of interword spacing.
Package microtype Info: No adjustment of character kerning.
(/usr/share/texlive/texmf-dist/tex/latex/microtype/mt-cmr.cfg
File: mt-cmr.cfg 2013/05/19 v2.2 microtype config. file: Computer Modern Roman 
(RS)
) (/usr/share/texlive/texmf-dist/tex/context/base/supp-pdf.mkii
[Loading MPS to PDF converter (version 2006.09.02).]
\scratchcounter=\count124
\scratchdimen=\dimen142
\scratchbox=\box37
\nofMPsegments=\count125
\nofMParguments=\count126
\everyMPshowfont=\toks28
\MPscratchCnt=\count127
\MPscratchDim=\dimen143
\MPnumerator=\count128
\makeMPintoPDFobject=\count129
\everyMPtoPDFconversion=\toks29
) (/usr/share/texlive/texmf-dist/tex/generic/oberdiek/pdftexcmds.sty
Package: pdftexcmds 2011/11/29 v0.20 Utility functions of pdfTeX for LuaTeX (HO
)
(/usr/share/texlive/texmf-dist/tex/generic/oberdiek/ifluatex.sty
Package: ifluatex 2010/03/01 v1.3 Provides the ifluatex switch (HO)
Package ifluatex Info: LuaTeX not detected.
)
Package pdftexcmds Info: LuaTeX not detected.
Package pdftexcmds Info: \pdf@primitive is available.
Package pdftexcmds Info: \pdf@ifprimitive is available.
Package pdftexcmds Info: \pdfdraftmode found.
) (/usr/share/texlive/texmf-dist/tex/latex/oberdiek/epstopdf-base.sty
Package: epstopdf-base 2010/02/09 v2.5 Base part for package epstopdf
(/usr/share/texlive/texmf-dist/tex/latex/oberdiek/grfext.sty
Package: grfext 2010/08/19 v1.1 Manage graphics extensions (HO)
(/usr/share/texlive/texmf-dist/tex/generic/oberdiek/kvdefinekeys.sty
Package: kvdefinekeys 2011/04/07 v1.3 Define keys (HO)
)) (/usr/share/texlive/texmf-dist/tex/latex/oberdiek/kvoptions.sty
Package: kvoptions 2011/06/30 v3.11 Key value format for package options (HO)
(/usr/share/texlive/texmf-dist/tex/generic/oberdiek/kvsetkeys.sty
Package: kvsetkeys 2012/04/25 v1.16 Key value parser (HO)
(/usr/share/texlive/texmf-dist/tex/generic/oberdiek/etexcmds.sty
Package: etexcmds 2011/02/16 v1.5 Avoid name clashes with e-TeX commands (HO)
Package etexcmds Info: Could not find \expanded.
(etexcmds)             That can mean that you are not using pdfTeX 1.50 or
(etexcmds)             that some package has redefined \expanded.
(etexcmds)             In the latter case, load this package earlier.
)))
Package grfext Info: Graphics extension search list:
(grfext)             [.png,.pdf,.jpg,.mps,.jpeg,.jbig2,.jb2,.PNG,.PDF,.JPG,.JPE
G,.JBIG2,.JB2,.eps]
(grfext)             \AppendGraphicsExtensions on input line 452.
(/usr/share/texlive/texmf-dist/tex/latex/latexconfig/epstopdf-sys.cfg
File: epstopdf-sys.cfg 2010/07/13 v1.3 Configuration of (r)epstopdf for TeX Liv
e
))
\c@lstlisting=\count130
\AtBeginShipoutBox=\box38
\openout2 = `cover.aux'.

(./cover.tex [1



{/var/lib/texmf/fonts/map/pdftex/updmap/pdftex.map}] [2] [1

] (./abstract.tex)) [2]
\openout2 = `acknowledgements.aux'.

(./acknowledgements.tex) [3



]
\openout2 = `contents.aux'.

(./contents.tex (./main.toc [4



] [5] [6])
\tf@toc=\write3
\openout3 = `main.toc'.

[7] (./main.lof)
\tf@lof=\write4
\openout4 = `main.lof'.

[8

] (./main.lot)
\tf@lot=\write5
\openout5 = `main.lot'.

[9

] (./main.lol [10

] [11])
\tf@lol=\write6
\openout6 = `main.lol'.

) [12]
\openout2 = `chapter1.aux'.

(./chapter1.tex
Chapter 1.
[1



] <diagrams/basic-process-3D-printing.jpg, id=52, 801.99625pt x 670.505pt>
File: diagrams/basic-process-3D-printing.jpg Graphic file (type jpg)
<use diagrams/basic-process-3D-printing.jpg>
Package pdftex.def Info: diagrams/basic-process-3D-printing.jpg used on input l
ine 27.
(pdftex.def)             Requested size: 433.62pt x 362.52771pt.
[2 <./diagrams/basic-process-3D-printing.jpg>] [3] [4]
Overfull \hbox (3.40642pt too wide) in paragraph at lines 114--115
[]
 []

) [5]
\openout2 = `chapter2.aux'.

(./chapter2.tex
Chapter 2.
[6



] [7] [8]) [9]
\openout2 = `chapter3.aux'.

(./chapter3.tex
Chapter 3.
<diagrams/slicer-detailed-view.jpg, id=78, 819.06pt x 1059.96pt>
File: diagrams/slicer-detailed-view.jpg Graphic file (type jpg)
<use diagrams/slicer-detailed-view.jpg>
Package pdftex.def Info: diagrams/slicer-detailed-view.jpg used on input line 1
5.
(pdftex.def)             Requested size: 433.62pt x 561.16153pt.
[10



]

LaTeX Warning: Text page 11 contains only floats.

[11 <./diagrams/slicer-detailed-view.jpg>]

! Package Listings Error: Couldn't load requested style.

See the Listings package documentation for explanation.
Type  H <return>  for immediate help.
 ...                                              
                                                  
l.41 ...at results from slicing using CuraEngine.]
                                                  
The following styles weren't loadable:
    ,thesiscode$
This may cause errors in the sequel.


! Package Listings Error: style thesiscode undefined.

See the Listings package documentation for explanation.
Type  H <return>  for immediate help.
 ...                                              
                                                  
l.41 ...at results from slicing using CuraEngine.]
                                                  
The style is not loadable. Try typing  <return>  to proceed.
If that doesn't work, type  X <return>  to quit.

Package microtype Info: Loading generic settings for font family
(microtype)             `cmtt' (encoding: OT1).
(microtype)             For optimal results, create family-specific settings.
(microtype)             See the microtype manual for details.
[12] [13]) [14]
\openout2 = `chapter4.aux'.

(./chapter4.tex
Chapter 4.
[15



] <diagrams/Client-Side-Structure.jpeg, id=100, 614.295pt x 587.3142pt>
File: diagrams/Client-Side-Structure.jpeg Graphic file (type jpg)
<use diagrams/Client-Side-Structure.jpeg>
Package pdftex.def Info: diagrams/Client-Side-Structure.jpeg used on input line
 40.
(pdftex.def)             Requested size: 433.62pt x 414.57634pt.
[16] <diagrams/Settings-Data-Flow.jpeg, id=104, 415.5525pt x 627.3036pt>
File: diagrams/Settings-Data-Flow.jpeg Graphic file (type jpg)
<use diagrams/Settings-Data-Flow.jpeg>
Package pdftex.def Info: diagrams/Settings-Data-Flow.jpeg used on input line 62
.
(pdftex.def)             Requested size: 433.62pt x 654.60103pt.

LaTeX Warning: Float too large for page by 43.17104pt on input line 65.

[17 <./diagrams/Client-Side-Structure.jpeg>]
LaTeX Font Info:    Try loading font information for OMS+cmtt on input line 73.

LaTeX Font Info:    No file OMScmtt.fd. on input line 73.

LaTeX Font Warning: Font shape `OMS/cmtt/m/n' undefined
(Font)              using `OMS/cmsy/m/n' instead
(Font)              for symbol `textbraceleft' on input line 73.

(/usr/share/texlive/texmf-dist/tex/latex/listings/lstlang1.sty
File: lstlang1.sty 2013/08/26 1.5b listings language file
) (/usr/share/texlive/texmf-dist/tex/latex/listings/lstlang2.sty
File: lstlang2.sty 2013/08/26 1.5b listings language file
) (/usr/share/texlive/texmf-dist/tex/latex/listings/lstlang3.sty
File: lstlang3.sty 2013/08/26 1.5b listings language file
)

! Package Listings Error: Couldn't load requested language.

See the Listings package documentation for explanation.
Type  H <return>  for immediate help.
 ...                                              
                                                  
l.85 ...f a ng-repeat looping construct in HTML5.]
                                                  
The following languages weren't loadable:
    ,html5$
This may cause errors in the sequel.


! Package Listings Error: language html5 undefined.

See the Listings package documentation for explanation.
Type  H <return>  for immediate help.
 ...                                              
                                                  
l.85 ...f a ng-repeat looping construct in HTML5.]
                                                  
The language is not loadable. Try typing  <return>  to proceed.
If that doesn't work, type  X <return>  to quit.

Package microtype Info: Loading generic settings for font family
(microtype)             `cmss' (encoding: OT1).
(microtype)             For optimal results, create family-specific settings.
(microtype)             See the microtype manual for details.
LaTeX Font Info:    Try loading font information for OML+cmss on input line 86.

LaTeX Font Info:    No file OMLcmss.fd. on input line 86.

LaTeX Font Warning: Font shape `OML/cmss/m/n' undefined
(Font)              using `OML/cmm/m/it' instead
(Font)              for symbol `textless' on input line 86.

LaTeX Font Info:    Try loading font information for OMS+cmss on input line 89.

LaTeX Font Info:    No file OMScmss.fd. on input line 89.

LaTeX Font Warning: Font shape `OMS/cmss/m/n' undefined
(Font)              using `OMS/cmsy/m/n' instead
(Font)              for symbol `textbraceleft' on input line 89.

[18] [19] [20]) [21] [22] [23 <./diagrams/Settings-Data-Flow.jpeg>]
\openout2 = `chapter5.aux'.

(./chapter5.tex
Chapter 5.
<diagrams/Server-Side-Structure.png, id=132, 560.0925pt x 464.4552pt>
File: diagrams/Server-Side-Structure.png Graphic file (type png)
<use diagrams/Server-Side-Structure.png>
Package pdftex.def Info: diagrams/Server-Side-Structure.png used on input line 
8.
(pdftex.def)             Requested size: 433.62pt x 359.5947pt.
[24



] [25 <./diagrams/Server-Side-Structure.png>]
LaTeX Font Info:    Try loading font information for OMS+cmr on input line 50.
(/usr/share/texlive/texmf-dist/tex/latex/base/omscmr.fd
File: omscmr.fd 1999/05/25 v2.5h Standard LaTeX font definitions
)
LaTeX Font Info:    Font shape `OMS/cmr/m/n' in size <12> not available
(Font)              Font shape `OMS/cmsy/m/n' tried instead on input line 50.

LaTeX Warning: `h' float specifier changed to `ht'.

<diagrams/Deadlock-Diagram.png, id=139, 469.755pt x 298.2342pt>
File: diagrams/Deadlock-Diagram.png Graphic file (type png)
<use diagrams/Deadlock-Diagram.png>
Package pdftex.def Info: diagrams/Deadlock-Diagram.png used on input line 87.
(pdftex.def)             Requested size: 433.62pt x 275.29349pt.
[26] [27] [28 <./diagrams/Deadlock-Diagram.png>] [29]) [30]
\openout2 = `chapter6.aux'.

(./chapter6.tex
Chapter 6.

Underfull \hbox (badness 10000) in paragraph at lines 33--33
[]|\OT1/cmr/m/n/12 (+20) Participants were
 []


Underfull \hbox (badness 10000) in paragraph at lines 33--33
\OT1/cmr/m/n/12 (+20) sim-ply asked to
 []


Underfull \hbox (badness 10000) in paragraph at lines 33--33
[]|\OT1/cmr/m/n/12 (+20) Participants were
 []


Underfull \hbox (badness 4556) in paragraph at lines 33--33
\OT1/cmr/m/n/12 (+20) pre-sented with a
 []


Underfull \hbox (badness 2460) in paragraph at lines 33--33
\OT1/cmr/m/n/12 (+20) and change them
 []


Underfull \hbox (badness 2111) in paragraph at lines 33--33
\OT1/cmr/m/n/12 (+20) while ig-nor-ing all
 []


LaTeX Warning: `h' float specifier changed to `ht'.

[31



] [32] <images/visualizer.png, id=162, 705.63625pt x 799.98875pt>
File: images/visualizer.png Graphic file (type png)
<use images/visualizer.png>
Package pdftex.def Info: images/visualizer.png used on input line 55.
(pdftex.def)             Requested size: 433.62pt x 491.60565pt.
<images/cat-ring.png, id=164, 393.47pt x 360.34625pt>
File: images/cat-ring.png Graphic file (type png)
<use images/cat-ring.png>
Package pdftex.def Info: images/cat-ring.png used on input line 62.
(pdftex.def)             Requested size: 433.62pt x 397.11339pt.
<images/print1.jpg, id=165, 5331.92pt x 2999.205pt>
File: images/print1.jpg Graphic file (type jpg)
<use images/print1.jpg>
Package pdftex.def Info: images/print1.jpg used on input line 83.
(pdftex.def)             Requested size: 433.62pt x 243.87701pt.
<images/print2.jpg, id=166, 5331.92pt x 2999.205pt>
File: images/print2.jpg Graphic file (type jpg)
<use images/print2.jpg>
Package pdftex.def Info: images/print2.jpg used on input line 90.
(pdftex.def)             Requested size: 433.62pt x 243.87701pt.
) [33] [34 <./images/visualizer.png>] [35 <./images/cat-ring.png>] [36 <./image
s/print1.jpg>] [37 <./images/print2.jpg>]
\openout2 = `bibliography.aux'.

(./bibliography.tex (./main.bbl
Underfull \hbox (badness 10000) in paragraph at lines 60--64
[]\OT1/cmr/m/n/12 (+20) Kuipers, T. (2016).  \OT1/cmr/m/it/12 (+20) Cu-raEngine
\OT1/cmr/m/n/12 (+20) .  Ul-ti-maker.  Re-trieved from
 []


Underfull \hbox (badness 6859) in paragraph at lines 71--75
[]\OT1/cmr/m/n/12 (+20) Mark Otto, J. T. (2016).  \OT1/cmr/m/it/12 (+20) Boot-s
trap\OT1/cmr/m/n/12 (+20) .  Twit-ter.  Re-trieved from
 []

[38



]
Underfull \hbox (badness 4995) in paragraph at lines 82--85
[]\OT1/cmr/m/n/12 (+20) Thornton, J. (2012).  Lin-ux-cnc g-code.  http://gnipse
l.com/linuxcnc/g-
 []

)) [39]
\openout2 = `appendix1.aux'.

(./appendix1.tex
Appendix A.


pdfTeX warning: pdflatex (file ./irb-docs/IRB-Exempt-Form.pdf): PDF inclusion: 
found PDF version <1.7>, but at most version <1.5> allowed
<irb-docs/IRB-Exempt-Form.pdf, id=193, 597.23125pt x 845.1575pt>
File: irb-docs/IRB-Exempt-Form.pdf Graphic file (type pdf)
<use irb-docs/IRB-Exempt-Form.pdf>
Package pdftex.def Info: irb-docs/IRB-Exempt-Form.pdf used on input line 7.
(pdftex.def)             Requested size: 597.22978pt x 845.15544pt.


pdfTeX warning: pdflatex (file ./irb-docs/IRB-Exempt-Form.pdf): PDF inclusion: 
found PDF version <1.7>, but at most version <1.5> allowed
File: irb-docs/IRB-Exempt-Form.pdf Graphic file (type pdf)
<use irb-docs/IRB-Exempt-Form.pdf>
Package pdftex.def Info: irb-docs/IRB-Exempt-Form.pdf used on input line 7.
(pdftex.def)             Requested size: 597.22978pt x 845.15544pt.


pdfTeX warning: pdflatex (file ./irb-docs/IRB-Exempt-Form.pdf): PDF inclusion: 
found PDF version <1.7>, but at most version <1.5> allowed
[40



]

pdfTeX warning: pdflatex (file ./irb-docs/IRB-Exempt-Form.pdf): PDF inclusion: 
found PDF version <1.7>, but at most version <1.5> allowed
<irb-docs/IRB-Exempt-Form.pdf, id=199, page=1, 597.23125pt x 845.1575pt>
File: irb-docs/IRB-Exempt-Form.pdf Graphic file (type pdf)
<use irb-docs/IRB-Exempt-Form.pdf, page 1>
Package pdftex.def Info: irb-docs/IRB-Exempt-Form.pdf, page1 used on input line
 7.
(pdftex.def)             Requested size: 597.22978pt x 845.15544pt.
File: irb-docs/IRB-Exempt-Form.pdf Graphic file (type pdf)
<use irb-docs/IRB-Exempt-Form.pdf, page 1>
Package pdftex.def Info: irb-docs/IRB-Exempt-Form.pdf, page1 used on input line
 7.
(pdftex.def)             Requested size: 477.78564pt x 676.12692pt.
File: irb-docs/IRB-Exempt-Form.pdf Graphic file (type pdf)
<use irb-docs/IRB-Exempt-Form.pdf, page 1>
Package pdftex.def Info: irb-docs/IRB-Exempt-Form.pdf, page1 used on input line
 7.
(pdftex.def)             Requested size: 477.78564pt x 676.12692pt.
File: irb-docs/IRB-Exempt-Form.pdf Graphic file (type pdf)
<use irb-docs/IRB-Exempt-Form.pdf, page 1>
Package pdftex.def Info: irb-docs/IRB-Exempt-Form.pdf, page1 used on input line
 7.
(pdftex.def)             Requested size: 477.78564pt x 676.12692pt.
File: irb-docs/IRB-Exempt-Form.pdf Graphic file (type pdf)
<use irb-docs/IRB-Exempt-Form.pdf, page 1>
Package pdftex.def Info: irb-docs/IRB-Exempt-Form.pdf, page1 used on input line
 7.
(pdftex.def)             Requested size: 477.78564pt x 676.12692pt.
[41 <./irb-docs/IRB-Exempt-Form.pdf>]

pdfTeX warning: pdflatex (file ./irb-docs/IRB-Exempt-Form.pdf): PDF inclusion: 
found PDF version <1.7>, but at most version <1.5> allowed
<irb-docs/IRB-Exempt-Form.pdf, id=234, page=2, 597.23125pt x 845.1575pt>
File: irb-docs/IRB-Exempt-Form.pdf Graphic file (type pdf)
<use irb-docs/IRB-Exempt-Form.pdf, page 2>
Package pdftex.def Info: irb-docs/IRB-Exempt-Form.pdf, page2 used on input line
 7.
(pdftex.def)             Requested size: 477.78564pt x 676.12692pt.
File: irb-docs/IRB-Exempt-Form.pdf Graphic file (type pdf)
<use irb-docs/IRB-Exempt-Form.pdf, page 2>
Package pdftex.def Info: irb-docs/IRB-Exempt-Form.pdf, page2 used on input line
 7.
(pdftex.def)             Requested size: 477.78564pt x 676.12692pt.
File: irb-docs/IRB-Exempt-Form.pdf Graphic file (type pdf)
<use irb-docs/IRB-Exempt-Form.pdf, page 2>
Package pdftex.def Info: irb-docs/IRB-Exempt-Form.pdf, page2 used on input line
 7.
(pdftex.def)             Requested size: 477.78564pt x 676.12692pt.
[42 <./irb-docs/IRB-Exempt-Form.pdf>]

pdfTeX warning: pdflatex (file ./irb-docs/IRB-Exempt-Form.pdf): PDF inclusion: 
found PDF version <1.7>, but at most version <1.5> allowed
<irb-docs/IRB-Exempt-Form.pdf, id=240, page=3, 597.23125pt x 845.1575pt>
File: irb-docs/IRB-Exempt-Form.pdf Graphic file (type pdf)
<use irb-docs/IRB-Exempt-Form.pdf, page 3>
Package pdftex.def Info: irb-docs/IRB-Exempt-Form.pdf, page3 used on input line
 7.
(pdftex.def)             Requested size: 477.78564pt x 676.12692pt.
File: irb-docs/IRB-Exempt-Form.pdf Graphic file (type pdf)
<use irb-docs/IRB-Exempt-Form.pdf, page 3>
Package pdftex.def Info: irb-docs/IRB-Exempt-Form.pdf, page3 used on input line
 7.
(pdftex.def)             Requested size: 477.78564pt x 676.12692pt.
File: irb-docs/IRB-Exempt-Form.pdf Graphic file (type pdf)
<use irb-docs/IRB-Exempt-Form.pdf, page 3>
Package pdftex.def Info: irb-docs/IRB-Exempt-Form.pdf, page3 used on input line
 7.
(pdftex.def)             Requested size: 477.78564pt x 676.12692pt.
[43 <./irb-docs/IRB-Exempt-Form.pdf>]

pdfTeX warning: pdflatex (file ./irb-docs/IRB-Exempt-Form.pdf): PDF inclusion: 
found PDF version <1.7>, but at most version <1.5> allowed
<irb-docs/IRB-Exempt-Form.pdf, id=246, page=4, 597.23125pt x 845.1575pt>
File: irb-docs/IRB-Exempt-Form.pdf Graphic file (type pdf)
<use irb-docs/IRB-Exempt-Form.pdf, page 4>
Package pdftex.def Info: irb-docs/IRB-Exempt-Form.pdf, page4 used on input line
 7.
(pdftex.def)             Requested size: 477.78564pt x 676.12692pt.
File: irb-docs/IRB-Exempt-Form.pdf Graphic file (type pdf)
<use irb-docs/IRB-Exempt-Form.pdf, page 4>
Package pdftex.def Info: irb-docs/IRB-Exempt-Form.pdf, page4 used on input line
 7.
(pdftex.def)             Requested size: 477.78564pt x 676.12692pt.
File: irb-docs/IRB-Exempt-Form.pdf Graphic file (type pdf)
<use irb-docs/IRB-Exempt-Form.pdf, page 4>
Package pdftex.def Info: irb-docs/IRB-Exempt-Form.pdf, page4 used on input line
 7.
(pdftex.def)             Requested size: 477.78564pt x 676.12692pt.
[44 <./irb-docs/IRB-Exempt-Form.pdf>]

pdfTeX warning: pdflatex (file ./irb-docs/IRB-Exempt-Form.pdf): PDF inclusion: 
found PDF version <1.7>, but at most version <1.5> allowed
<irb-docs/IRB-Exempt-Form.pdf, id=252, page=5, 597.23125pt x 845.1575pt>
File: irb-docs/IRB-Exempt-Form.pdf Graphic file (type pdf)
<use irb-docs/IRB-Exempt-Form.pdf, page 5>
Package pdftex.def Info: irb-docs/IRB-Exempt-Form.pdf, page5 used on input line
 7.
(pdftex.def)             Requested size: 477.78564pt x 676.12692pt.
File: irb-docs/IRB-Exempt-Form.pdf Graphic file (type pdf)
<use irb-docs/IRB-Exempt-Form.pdf, page 5>
Package pdftex.def Info: irb-docs/IRB-Exempt-Form.pdf, page5 used on input line
 7.
(pdftex.def)             Requested size: 477.78564pt x 676.12692pt.
File: irb-docs/IRB-Exempt-Form.pdf Graphic file (type pdf)
<use irb-docs/IRB-Exempt-Form.pdf, page 5>
Package pdftex.def Info: irb-docs/IRB-Exempt-Form.pdf, page5 used on input line
 7.
(pdftex.def)             Requested size: 477.78564pt x 676.12692pt.
[45 <./irb-docs/IRB-Exempt-Form.pdf>]

pdfTeX warning: pdflatex (file ./irb-docs/IRB-Exempt-Form.pdf): PDF inclusion: 
found PDF version <1.7>, but at most version <1.5> allowed
<irb-docs/IRB-Exempt-Form.pdf, id=258, page=6, 597.23125pt x 845.1575pt>
File: irb-docs/IRB-Exempt-Form.pdf Graphic file (type pdf)
<use irb-docs/IRB-Exempt-Form.pdf, page 6>
Package pdftex.def Info: irb-docs/IRB-Exempt-Form.pdf, page6 used on input line
 7.
(pdftex.def)             Requested size: 477.78564pt x 676.12692pt.
File: irb-docs/IRB-Exempt-Form.pdf Graphic file (type pdf)
<use irb-docs/IRB-Exempt-Form.pdf, page 6>
Package pdftex.def Info: irb-docs/IRB-Exempt-Form.pdf, page6 used on input line
 7.
(pdftex.def)             Requested size: 477.78564pt x 676.12692pt.
File: irb-docs/IRB-Exempt-Form.pdf Graphic file (type pdf)
<use irb-docs/IRB-Exempt-Form.pdf, page 6>
Package pdftex.def Info: irb-docs/IRB-Exempt-Form.pdf, page6 used on input line
 7.
(pdftex.def)             Requested size: 477.78564pt x 676.12692pt.
[46 <./irb-docs/IRB-Exempt-Form.pdf>] <irb-docs/IRB-Consent-Form.pdf, id=264, 6
14.295pt x 794.97pt>
File: irb-docs/IRB-Consent-Form.pdf Graphic file (type pdf)
<use irb-docs/IRB-Consent-Form.pdf>
Package pdftex.def Info: irb-docs/IRB-Consent-Form.pdf used on input line 11.
(pdftex.def)             Requested size: 614.29349pt x 794.96806pt.
File: irb-docs/IRB-Consent-Form.pdf Graphic file (type pdf)
<use irb-docs/IRB-Consent-Form.pdf>
Package pdftex.def Info: irb-docs/IRB-Consent-Form.pdf used on input line 11.
(pdftex.def)             Requested size: 614.29349pt x 794.96806pt.
[47] <irb-docs/IRB-Consent-Form.pdf, id=271, page=1, 614.295pt x 794.97pt>
File: irb-docs/IRB-Consent-Form.pdf Graphic file (type pdf)
<use irb-docs/IRB-Consent-Form.pdf, page 1>
Package pdftex.def Info: irb-docs/IRB-Consent-Form.pdf, page1 used on input lin
e 11.
(pdftex.def)             Requested size: 614.29349pt x 794.96806pt.
File: irb-docs/IRB-Consent-Form.pdf Graphic file (type pdf)
<use irb-docs/IRB-Consent-Form.pdf, page 1>
Package pdftex.def Info: irb-docs/IRB-Consent-Form.pdf, page1 used on input lin
e 11.
(pdftex.def)             Requested size: 491.43666pt x 635.97687pt.
File: irb-docs/IRB-Consent-Form.pdf Graphic file (type pdf)
<use irb-docs/IRB-Consent-Form.pdf, page 1>
Package pdftex.def Info: irb-docs/IRB-Consent-Form.pdf, page1 used on input lin
e 11.
(pdftex.def)             Requested size: 491.43666pt x 635.97687pt.
File: irb-docs/IRB-Consent-Form.pdf Graphic file (type pdf)
<use irb-docs/IRB-Consent-Form.pdf, page 1>
Package pdftex.def Info: irb-docs/IRB-Consent-Form.pdf, page1 used on input lin
e 11.
(pdftex.def)             Requested size: 491.43666pt x 635.97687pt.
File: irb-docs/IRB-Consent-Form.pdf Graphic file (type pdf)
<use irb-docs/IRB-Consent-Form.pdf, page 1>
Package pdftex.def Info: irb-docs/IRB-Consent-Form.pdf, page1 used on input lin
e 11.
(pdftex.def)             Requested size: 491.43666pt x 635.97687pt.
[48 <./irb-docs/IRB-Consent-Form.pdf

pdfTeX warning: pdflatex (file ./irb-docs/IRB-Consent-Form.pdf): PDF inclusion:
 invalid other resource which is no dict (key 'ProcSets', type <array>); ignore
d.
>] <irb-docs/IRB-Consent-Form.pdf, id=292, page=2, 614.295pt x 794.97pt>
File: irb-docs/IRB-Consent-Form.pdf Graphic file (type pdf)
<use irb-docs/IRB-Consent-Form.pdf, page 2>
Package pdftex.def Info: irb-docs/IRB-Consent-Form.pdf, page2 used on input lin
e 11.
(pdftex.def)             Requested size: 491.43666pt x 635.97687pt.
File: irb-docs/IRB-Consent-Form.pdf Graphic file (type pdf)
<use irb-docs/IRB-Consent-Form.pdf, page 2>
Package pdftex.def Info: irb-docs/IRB-Consent-Form.pdf, page2 used on input lin
e 11.
(pdftex.def)             Requested size: 491.43666pt x 635.97687pt.
File: irb-docs/IRB-Consent-Form.pdf Graphic file (type pdf)
<use irb-docs/IRB-Consent-Form.pdf, page 2>
Package pdftex.def Info: irb-docs/IRB-Consent-Form.pdf, page2 used on input lin
e 11.
(pdftex.def)             Requested size: 491.43666pt x 635.97687pt.
[49 <./irb-docs/IRB-Consent-Form.pdf

pdfTeX warning: pdflatex (file ./irb-docs/IRB-Consent-Form.pdf): PDF inclusion:
 invalid other resource which is no dict (key 'ProcSets', type <array>); ignore
d.
>]

pdfTeX warning: pdflatex (file ./irb-docs/WebSlicer-Recruitment-Email.pdf): PDF
 inclusion: found PDF version <1.7>, but at most version <1.5> allowed
<irb-docs/WebSlicer-Recruitment-Email.pdf, id=301, 614.295pt x 794.97pt>
File: irb-docs/WebSlicer-Recruitment-Email.pdf Graphic file (type pdf)
<use irb-docs/WebSlicer-Recruitment-Email.pdf>
Package pdftex.def Info: irb-docs/WebSlicer-Recruitment-Email.pdf used on input
 line 15.
(pdftex.def)             Requested size: 614.29349pt x 794.96806pt.


pdfTeX warning: pdflatex (file ./irb-docs/WebSlicer-Recruitment-Email.pdf): PDF
 inclusion: found PDF version <1.7>, but at most version <1.5> allowed
File: irb-docs/WebSlicer-Recruitment-Email.pdf Graphic file (type pdf)
<use irb-docs/WebSlicer-Recruitment-Email.pdf>
Package pdftex.def Info: irb-docs/WebSlicer-Recruitment-Email.pdf used on input
 line 15.
(pdftex.def)             Requested size: 614.29349pt x 794.96806pt.


pdfTeX warning: pdflatex (file ./irb-docs/WebSlicer-Recruitment-Email.pdf): PDF
 inclusion: found PDF version <1.7>, but at most version <1.5> allowed
[50]

pdfTeX warning: pdflatex (file ./irb-docs/WebSlicer-Recruitment-Email.pdf): PDF
 inclusion: found PDF version <1.7>, but at most version <1.5> allowed

<irb-docs/WebSlicer-Recruitment-Email.pdf, id=307, page=1, 614.295pt x 794.97pt
>
File: irb-docs/WebSlicer-Recruitment-Email.pdf Graphic file (type pdf)
<use irb-docs/WebSlicer-Recruitment-Email.pdf, page 1>
Package pdftex.def Info: irb-docs/WebSlicer-Recruitment-Email.pdf, page1 used o
n input line 15.
(pdftex.def)             Requested size: 614.29349pt x 794.96806pt.
File: irb-docs/WebSlicer-Recruitment-Email.pdf Graphic file (type pdf)
<use irb-docs/WebSlicer-Recruitment-Email.pdf, page 1>
Package pdftex.def Info: irb-docs/WebSlicer-Recruitment-Email.pdf, page1 used o
n input line 15.
(pdftex.def)             Requested size: 491.43666pt x 635.97687pt.
File: irb-docs/WebSlicer-Recruitment-Email.pdf Graphic file (type pdf)
<use irb-docs/WebSlicer-Recruitment-Email.pdf, page 1>
Package pdftex.def Info: irb-docs/WebSlicer-Recruitment-Email.pdf, page1 used o
n input line 15.
(pdftex.def)             Requested size: 491.43666pt x 635.97687pt.
File: irb-docs/WebSlicer-Recruitment-Email.pdf Graphic file (type pdf)
<use irb-docs/WebSlicer-Recruitment-Email.pdf, page 1>
Package pdftex.def Info: irb-docs/WebSlicer-Recruitment-Email.pdf, page1 used o
n input line 15.
(pdftex.def)             Requested size: 491.43666pt x 635.97687pt.
File: irb-docs/WebSlicer-Recruitment-Email.pdf Graphic file (type pdf)
<use irb-docs/WebSlicer-Recruitment-Email.pdf, page 1>
Package pdftex.def Info: irb-docs/WebSlicer-Recruitment-Email.pdf, page1 used o
n input line 15.
(pdftex.def)             Requested size: 491.43666pt x 635.97687pt.
[51 <./irb-docs/WebSlicer-Recruitment-Email.pdf>] <irb-docs/WebSlicer-Survey.pd
f, id=323, 614.295pt x 793.96625pt>
File: irb-docs/WebSlicer-Survey.pdf Graphic file (type pdf)
<use irb-docs/WebSlicer-Survey.pdf>
Package pdftex.def Info: irb-docs/WebSlicer-Survey.pdf used on input line 19.
(pdftex.def)             Requested size: 614.29349pt x 793.96431pt.
File: irb-docs/WebSlicer-Survey.pdf Graphic file (type pdf)
<use irb-docs/WebSlicer-Survey.pdf>
Package pdftex.def Info: irb-docs/WebSlicer-Survey.pdf used on input line 19.
(pdftex.def)             Requested size: 614.29349pt x 793.96431pt.
[52] <irb-docs/WebSlicer-Survey.pdf, id=329, page=1, 614.295pt x 793.96625pt>
File: irb-docs/WebSlicer-Survey.pdf Graphic file (type pdf)
<use irb-docs/WebSlicer-Survey.pdf, page 1>
Package pdftex.def Info: irb-docs/WebSlicer-Survey.pdf, page1 used on input lin
e 19.
(pdftex.def)             Requested size: 614.29349pt x 793.96431pt.
File: irb-docs/WebSlicer-Survey.pdf Graphic file (type pdf)
<use irb-docs/WebSlicer-Survey.pdf, page 1>
Package pdftex.def Info: irb-docs/WebSlicer-Survey.pdf, page1 used on input lin
e 19.
(pdftex.def)             Requested size: 491.43666pt x 635.17386pt.
File: irb-docs/WebSlicer-Survey.pdf Graphic file (type pdf)
<use irb-docs/WebSlicer-Survey.pdf, page 1>
Package pdftex.def Info: irb-docs/WebSlicer-Survey.pdf, page1 used on input lin
e 19.
(pdftex.def)             Requested size: 491.43666pt x 635.17386pt.
File: irb-docs/WebSlicer-Survey.pdf Graphic file (type pdf)
<use irb-docs/WebSlicer-Survey.pdf, page 1>
Package pdftex.def Info: irb-docs/WebSlicer-Survey.pdf, page1 used on input lin
e 19.
(pdftex.def)             Requested size: 491.43666pt x 635.17386pt.
File: irb-docs/WebSlicer-Survey.pdf Graphic file (type pdf)
<use irb-docs/WebSlicer-Survey.pdf, page 1>
Package pdftex.def Info: irb-docs/WebSlicer-Survey.pdf, page1 used on input lin
e 19.
(pdftex.def)             Requested size: 491.43666pt x 635.17386pt.
[53 <./irb-docs/WebSlicer-Survey.pdf

pdfTeX warning: pdflatex (file ./irb-docs/WebSlicer-Survey.pdf): PDF inclusion:
 invalid other resource which is no dict (key 'ProcSets', type <array>); ignore
d.
>] <irb-docs/WebSlicer-Survey.pdf, id=357, page=2, 614.295pt x 793.96625pt>
File: irb-docs/WebSlicer-Survey.pdf Graphic file (type pdf)
<use irb-docs/WebSlicer-Survey.pdf, page 2>
Package pdftex.def Info: irb-docs/WebSlicer-Survey.pdf, page2 used on input lin
e 19.
(pdftex.def)             Requested size: 491.43666pt x 635.17386pt.
File: irb-docs/WebSlicer-Survey.pdf Graphic file (type pdf)
<use irb-docs/WebSlicer-Survey.pdf, page 2>
Package pdftex.def Info: irb-docs/WebSlicer-Survey.pdf, page2 used on input lin
e 19.
(pdftex.def)             Requested size: 491.43666pt x 635.17386pt.
File: irb-docs/WebSlicer-Survey.pdf Graphic file (type pdf)
<use irb-docs/WebSlicer-Survey.pdf, page 2>
Package pdftex.def Info: irb-docs/WebSlicer-Survey.pdf, page2 used on input lin
e 19.
(pdftex.def)             Requested size: 491.43666pt x 635.17386pt.
[54 <./irb-docs/WebSlicer-Survey.pdf

pdfTeX warning: pdflatex (file ./irb-docs/WebSlicer-Survey.pdf): PDF inclusion:
 invalid other resource which is no dict (key 'ProcSets', type <array>); ignore
d.
>] <irb-docs/WebSlicer-Survey.pdf, id=361, page=3, 614.295pt x 793.96625pt>
File: irb-docs/WebSlicer-Survey.pdf Graphic file (type pdf)
<use irb-docs/WebSlicer-Survey.pdf, page 3>
Package pdftex.def Info: irb-docs/WebSlicer-Survey.pdf, page3 used on input lin
e 19.
(pdftex.def)             Requested size: 491.43666pt x 635.17386pt.
File: irb-docs/WebSlicer-Survey.pdf Graphic file (type pdf)
<use irb-docs/WebSlicer-Survey.pdf, page 3>
Package pdftex.def Info: irb-docs/WebSlicer-Survey.pdf, page3 used on input lin
e 19.
(pdftex.def)             Requested size: 491.43666pt x 635.17386pt.
File: irb-docs/WebSlicer-Survey.pdf Graphic file (type pdf)
<use irb-docs/WebSlicer-Survey.pdf, page 3>
Package pdftex.def Info: irb-docs/WebSlicer-Survey.pdf, page3 used on input lin
e 19.
(pdftex.def)             Requested size: 491.43666pt x 635.17386pt.
[55 <./irb-docs/WebSlicer-Survey.pdf

pdfTeX warning: pdflatex (file ./irb-docs/WebSlicer-Survey.pdf): PDF inclusion:
 invalid other resource which is no dict (key 'ProcSets', type <array>); ignore
d.
>] <irb-docs/WebSlicer-Tasks.pdf, id=367, 614.295pt x 794.97pt>
File: irb-docs/WebSlicer-Tasks.pdf Graphic file (type pdf)
<use irb-docs/WebSlicer-Tasks.pdf>
Package pdftex.def Info: irb-docs/WebSlicer-Tasks.pdf used on input line 23.
(pdftex.def)             Requested size: 614.29349pt x 794.96806pt.
File: irb-docs/WebSlicer-Tasks.pdf Graphic file (type pdf)
<use irb-docs/WebSlicer-Tasks.pdf>
Package pdftex.def Info: irb-docs/WebSlicer-Tasks.pdf used on input line 23.
(pdftex.def)             Requested size: 614.29349pt x 794.96806pt.
[56] <irb-docs/WebSlicer-Tasks.pdf, id=373, page=1, 614.295pt x 794.97pt>
File: irb-docs/WebSlicer-Tasks.pdf Graphic file (type pdf)
<use irb-docs/WebSlicer-Tasks.pdf, page 1>
Package pdftex.def Info: irb-docs/WebSlicer-Tasks.pdf, page1 used on input line
 23.
(pdftex.def)             Requested size: 614.29349pt x 794.96806pt.
File: irb-docs/WebSlicer-Tasks.pdf Graphic file (type pdf)
<use irb-docs/WebSlicer-Tasks.pdf, page 1>
Package pdftex.def Info: irb-docs/WebSlicer-Tasks.pdf, page1 used on input line
 23.
(pdftex.def)             Requested size: 491.43666pt x 635.97687pt.
File: irb-docs/WebSlicer-Tasks.pdf Graphic file (type pdf)
<use irb-docs/WebSlicer-Tasks.pdf, page 1>
Package pdftex.def Info: irb-docs/WebSlicer-Tasks.pdf, page1 used on input line
 23.
(pdftex.def)             Requested size: 491.43666pt x 635.97687pt.
File: irb-docs/WebSlicer-Tasks.pdf Graphic file (type pdf)
<use irb-docs/WebSlicer-Tasks.pdf, page 1>
Package pdftex.def Info: irb-docs/WebSlicer-Tasks.pdf, page1 used on input line
 23.
(pdftex.def)             Requested size: 491.43666pt x 635.97687pt.
File: irb-docs/WebSlicer-Tasks.pdf Graphic file (type pdf)
<use irb-docs/WebSlicer-Tasks.pdf, page 1>
Package pdftex.def Info: irb-docs/WebSlicer-Tasks.pdf, page1 used on input line
 23.
(pdftex.def)             Requested size: 491.43666pt x 635.97687pt.
[57 <./irb-docs/WebSlicer-Tasks.pdf

pdfTeX warning: pdflatex (file ./irb-docs/WebSlicer-Tasks.pdf): PDF inclusion: 
invalid other resource which is no dict (key 'ProcSets', type <array>); ignored
.
>] <irb-docs/WebSlicer-Tasks.pdf, id=397, page=2, 614.295pt x 794.97pt>
File: irb-docs/WebSlicer-Tasks.pdf Graphic file (type pdf)
<use irb-docs/WebSlicer-Tasks.pdf, page 2>
Package pdftex.def Info: irb-docs/WebSlicer-Tasks.pdf, page2 used on input line
 23.
(pdftex.def)             Requested size: 491.43666pt x 635.97687pt.
File: irb-docs/WebSlicer-Tasks.pdf Graphic file (type pdf)
<use irb-docs/WebSlicer-Tasks.pdf, page 2>
Package pdftex.def Info: irb-docs/WebSlicer-Tasks.pdf, page2 used on input line
 23.
(pdftex.def)             Requested size: 491.43666pt x 635.97687pt.
File: irb-docs/WebSlicer-Tasks.pdf Graphic file (type pdf)
<use irb-docs/WebSlicer-Tasks.pdf, page 2>
Package pdftex.def Info: irb-docs/WebSlicer-Tasks.pdf, page2 used on input line
 23.
(pdftex.def)             Requested size: 491.43666pt x 635.97687pt.
[58 <./irb-docs/WebSlicer-Tasks.pdf

pdfTeX warning: pdflatex (file ./irb-docs/WebSlicer-Tasks.pdf): PDF inclusion: 
invalid other resource which is no dict (key 'ProcSets', type <array>); ignored
.
>] <irb-docs/WebSlicer-Tasks.pdf, id=409, page=3, 614.295pt x 794.97pt>
File: irb-docs/WebSlicer-Tasks.pdf Graphic file (type pdf)
<use irb-docs/WebSlicer-Tasks.pdf, page 3>
Package pdftex.def Info: irb-docs/WebSlicer-Tasks.pdf, page3 used on input line
 23.
(pdftex.def)             Requested size: 491.43666pt x 635.97687pt.
File: irb-docs/WebSlicer-Tasks.pdf Graphic file (type pdf)
<use irb-docs/WebSlicer-Tasks.pdf, page 3>
Package pdftex.def Info: irb-docs/WebSlicer-Tasks.pdf, page3 used on input line
 23.
(pdftex.def)             Requested size: 491.43666pt x 635.97687pt.
File: irb-docs/WebSlicer-Tasks.pdf Graphic file (type pdf)
<use irb-docs/WebSlicer-Tasks.pdf, page 3>
Package pdftex.def Info: irb-docs/WebSlicer-Tasks.pdf, page3 used on input line
 23.
(pdftex.def)             Requested size: 491.43666pt x 635.97687pt.
[59 <./irb-docs/WebSlicer-Tasks.pdf

pdfTeX warning: pdflatex (file ./irb-docs/WebSlicer-Tasks.pdf): PDF inclusion: 
invalid other resource which is no dict (key 'ProcSets', type <array>); ignored
.
>] <irb-docs/WebSlicer-Tasks.pdf, id=415, page=4, 614.295pt x 794.97pt>
File: irb-docs/WebSlicer-Tasks.pdf Graphic file (type pdf)
<use irb-docs/WebSlicer-Tasks.pdf, page 4>
Package pdftex.def Info: irb-docs/WebSlicer-Tasks.pdf, page4 used on input line
 23.
(pdftex.def)             Requested size: 491.43666pt x 635.97687pt.
File: irb-docs/WebSlicer-Tasks.pdf Graphic file (type pdf)
<use irb-docs/WebSlicer-Tasks.pdf, page 4>
Package pdftex.def Info: irb-docs/WebSlicer-Tasks.pdf, page4 used on input line
 23.
(pdftex.def)             Requested size: 491.43666pt x 635.97687pt.
File: irb-docs/WebSlicer-Tasks.pdf Graphic file (type pdf)
<use irb-docs/WebSlicer-Tasks.pdf, page 4>
Package pdftex.def Info: irb-docs/WebSlicer-Tasks.pdf, page4 used on input line
 23.
(pdftex.def)             Requested size: 491.43666pt x 635.97687pt.
[60 <./irb-docs/WebSlicer-Tasks.pdf

pdfTeX warning: pdflatex (file ./irb-docs/WebSlicer-Tasks.pdf): PDF inclusion: 
invalid other resource which is no dict (key 'ProcSets', type <array>); ignored
.
>] <irb-docs/WebSlicer-Tasks.pdf, id=420, page=5, 614.295pt x 794.97pt>
File: irb-docs/WebSlicer-Tasks.pdf Graphic file (type pdf)
<use irb-docs/WebSlicer-Tasks.pdf, page 5>
Package pdftex.def Info: irb-docs/WebSlicer-Tasks.pdf, page5 used on input line
 23.
(pdftex.def)             Requested size: 491.43666pt x 635.97687pt.
File: irb-docs/WebSlicer-Tasks.pdf Graphic file (type pdf)
<use irb-docs/WebSlicer-Tasks.pdf, page 5>
Package pdftex.def Info: irb-docs/WebSlicer-Tasks.pdf, page5 used on input line
 23.
(pdftex.def)             Requested size: 491.43666pt x 635.97687pt.
File: irb-docs/WebSlicer-Tasks.pdf Graphic file (type pdf)
<use irb-docs/WebSlicer-Tasks.pdf, page 5>
Package pdftex.def Info: irb-docs/WebSlicer-Tasks.pdf, page5 used on input line
 23.
(pdftex.def)             Requested size: 491.43666pt x 635.97687pt.
[61 <./irb-docs/WebSlicer-Tasks.pdf

pdfTeX warning: pdflatex (file ./irb-docs/WebSlicer-Tasks.pdf): PDF inclusion: 
invalid other resource which is no dict (key 'ProcSets', type <array>); ignored
.
>] <irb-docs/WebSlicer-Tasks.pdf, id=429, page=6, 614.295pt x 794.97pt>
File: irb-docs/WebSlicer-Tasks.pdf Graphic file (type pdf)
<use irb-docs/WebSlicer-Tasks.pdf, page 6>
Package pdftex.def Info: irb-docs/WebSlicer-Tasks.pdf, page6 used on input line
 23.
(pdftex.def)             Requested size: 491.43666pt x 635.97687pt.
File: irb-docs/WebSlicer-Tasks.pdf Graphic file (type pdf)
<use irb-docs/WebSlicer-Tasks.pdf, page 6>
Package pdftex.def Info: irb-docs/WebSlicer-Tasks.pdf, page6 used on input line
 23.
(pdftex.def)             Requested size: 491.43666pt x 635.97687pt.
File: irb-docs/WebSlicer-Tasks.pdf Graphic file (type pdf)
<use irb-docs/WebSlicer-Tasks.pdf, page 6>
Package pdftex.def Info: irb-docs/WebSlicer-Tasks.pdf, page6 used on input line
 23.
(pdftex.def)             Requested size: 491.43666pt x 635.97687pt.
[62 <./irb-docs/WebSlicer-Tasks.pdf

pdfTeX warning: pdflatex (file ./irb-docs/WebSlicer-Tasks.pdf): PDF inclusion: 
invalid other resource which is no dict (key 'ProcSets', type <array>); ignored
.
>] <irb-docs/WebSlicer-Tasks.pdf, id=434, page=7, 614.295pt x 794.97pt>
File: irb-docs/WebSlicer-Tasks.pdf Graphic file (type pdf)
<use irb-docs/WebSlicer-Tasks.pdf, page 7>
Package pdftex.def Info: irb-docs/WebSlicer-Tasks.pdf, page7 used on input line
 23.
(pdftex.def)             Requested size: 491.43666pt x 635.97687pt.
File: irb-docs/WebSlicer-Tasks.pdf Graphic file (type pdf)
<use irb-docs/WebSlicer-Tasks.pdf, page 7>
Package pdftex.def Info: irb-docs/WebSlicer-Tasks.pdf, page7 used on input line
 23.
(pdftex.def)             Requested size: 491.43666pt x 635.97687pt.
File: irb-docs/WebSlicer-Tasks.pdf Graphic file (type pdf)
<use irb-docs/WebSlicer-Tasks.pdf, page 7>
Package pdftex.def Info: irb-docs/WebSlicer-Tasks.pdf, page7 used on input line
 23.
(pdftex.def)             Requested size: 491.43666pt x 635.97687pt.
[63 <./irb-docs/WebSlicer-Tasks.pdf

pdfTeX warning: pdflatex (file ./irb-docs/WebSlicer-Tasks.pdf): PDF inclusion: 
invalid other resource which is no dict (key 'ProcSets', type <array>); ignored
.
>] <irb-docs/WebSlicer-Tasks.pdf, id=439, page=8, 614.295pt x 794.97pt>
File: irb-docs/WebSlicer-Tasks.pdf Graphic file (type pdf)
<use irb-docs/WebSlicer-Tasks.pdf, page 8>
Package pdftex.def Info: irb-docs/WebSlicer-Tasks.pdf, page8 used on input line
 23.
(pdftex.def)             Requested size: 491.43666pt x 635.97687pt.
File: irb-docs/WebSlicer-Tasks.pdf Graphic file (type pdf)
<use irb-docs/WebSlicer-Tasks.pdf, page 8>
Package pdftex.def Info: irb-docs/WebSlicer-Tasks.pdf, page8 used on input line
 23.
(pdftex.def)             Requested size: 491.43666pt x 635.97687pt.
File: irb-docs/WebSlicer-Tasks.pdf Graphic file (type pdf)
<use irb-docs/WebSlicer-Tasks.pdf, page 8>
Package pdftex.def Info: irb-docs/WebSlicer-Tasks.pdf, page8 used on input line
 23.
(pdftex.def)             Requested size: 491.43666pt x 635.97687pt.
[64 <./irb-docs/WebSlicer-Tasks.pdf

pdfTeX warning: pdflatex (file ./irb-docs/WebSlicer-Tasks.pdf): PDF inclusion: 
invalid other resource which is no dict (key 'ProcSets', type <array>); ignored
.
>])
\openout2 = `appendix2.aux'.

(./appendix2.tex
Appendix B.
[65



] [66] [67] [68] [69] [70] [71] [72] [73] [74] [75] [76] [77] [78] [79] [80] [8
1] [82] [83]) [84]
\openout2 = `appendix3.aux'.

(./appendix3.tex
Appendix C.
[85



] [86] [87] [88] [89] [90] [91] [92] [93] [94] [95] [96] [97] [98]
Overfull \hbox (25.47919pt too wide) in paragraph at lines 736--737
[][][] 
 []

[99]
Overfull \hbox (25.47919pt too wide) in paragraph at lines 742--743
[][][] 
 []

[100] [101] [102] [103] [104] [105] [106] [107] [108] [109] [110] [111] [112] [
113] [114] [115] [116] [117] [118] [119] [120] [121] [122] [123] [124] [125] [1
26] [127] [128] [129] [130] [131] [132]
Overfull \hbox (15.61568pt too wide) in paragraph at lines 2505--2505
[]\OT1/cmr/bx/n/17.28 model/profile/settingsDirectiveTemplate.html 
 []

[133] [134] [135] [136] [137]) [138] (./main.aux (./cover.aux) (./acknowledgeme
nts.aux) (./contents.aux) (./chapter1.aux) (./chapter2.aux) (./chapter3.aux) (.
/chapter4.aux) (./chapter5.aux) (./chapter6.aux) (./bibliography.aux) (./append
ix1.aux) (./appendix2.aux) (./appendix3.aux))

LaTeX Font Warning: Some font shapes were not available, defaults substituted.


LaTeX Warning: There were multiply-defined labels.

 ) 
Here is how much of TeX's memory you used:
 9665 strings out of 493304
 136382 string characters out of 6139872
 470714 words of memory out of 5000000
 12736 multiletter control sequences out of 15000+600000
 13821 words of font info for 91 fonts, out of 8000000 for 9000
 957 hyphenation exceptions out of 8191
 45i,19n,51p,438b,2083s stack positions out of 5000i,500n,10000p,200000b,80000s
</usr/share/texlive/texmf-dist/fonts/type1/public/amsfonts/cm/cmbx12.pfb></us
r/share/texlive/texmf-dist/fonts/type1/public/amsfonts/cm/cmmi10.pfb></usr/shar
e/texlive/texmf-dist/fonts/type1/public/amsfonts/cm/cmr12.pfb></usr/share/texli
ve/texmf-dist/fonts/type1/public/amsfonts/cm/cmr6.pfb></usr/share/texlive/texmf
-dist/fonts/type1/public/amsfonts/cm/cmss10.pfb></usr/share/texlive/texmf-dist/
fonts/type1/public/amsfonts/cm/cmssbx10.pfb></usr/share/texlive/texmf-dist/font
s/type1/public/amsfonts/cm/cmsy10.pfb></usr/share/texlive/texmf-dist/fonts/type
1/public/amsfonts/cm/cmti12.pfb></usr/share/texlive/texmf-dist/fonts/type1/publ
ic/amsfonts/cm/cmtt10.pfb></usr/share/texlive/texmf-dist/fonts/type1/public/ams
fonts/cm/cmtt12.pfb>
Output written on main.pdf (152 pages, 8444664 bytes).
PDF statistics:
 720 PDF objects out of 1000 (max. 8388607)
 432 compressed objects within 5 object streams
 0 named destinations out of 1000 (max. 500000)
 19170 words of extra memory for PDF output out of 20736 (max. 10000000)

